<?xml version="1.0" encoding="UTF-8"?>
<!-- Generated by org.testng.reporters.JUnitReportReporter -->
<testsuite hostname="DESKTOP-33A3NNV" failures="0" tests="2" name="com.Coverfox_TestNG.CoverFoxTestNG" time="23.240" errors="0" timestamp="2025-05-08T14:34:50 IST" skipped="0">
  <testcase classname="com.Coverfox_TestNG.CoverFoxTestNG" name="validateAddressDetails" time="14.102">
    <system-out>
      <![CDATA[Click on continue button on address page
Pincode error msg validated
TC1 validated
Get data from excel
Entering pincode
Get data from excel
Enter mobile number
Click on continue button on address page]]>
    </system-out>
  </testcase> <!-- validateAddressDetails -->
  <testcase classname="com.Coverfox_TestNG.CoverFoxTestNG" name="validatecoverfox" time="9.138">
    <system-out>
      <![CDATA[Getting plan number from text
Getting plan number from card
TC passed]]>
    </system-out>
  </testcase> <!-- validatecoverfox -->
  <system-out>
    <![CDATA[Browser Launched
Click on gender to continue
Click on husband
Click on next button on health plan page
Select the member2
Select the member1
Click on next button on member details page
Click on continue button on address page
Pincode error msg validated
TC1 validated
Get data from excel
Entering pincode
Get data from excel
Enter mobile number
Click on continue button on address page
Getting plan number from text
Getting plan number from card
TC passed
Closing browser]]>
  </system-out>
</testsuite> <!-- com.Coverfox_TestNG.CoverFoxTestNG -->
