<?xml version="1.0" encoding="UTF-8"?>
<!-- Generated by org.testng.reporters.JUnitReportReporter -->
<testsuite hostname="DESKTOP-33A3NNV" failures="0" tests="1" name="com.Coverfox_TestNG.FinalPage_TestNG" time="16.464" errors="0" timestamp="2025-05-09T17:52:26 IST" skipped="0">
  <testcase classname="com.Coverfox_TestNG.FinalPage_TestNG" name="validateFinalPage" time="16.464">
    <system-out>
      <![CDATA[TC passed]]>
    </system-out>
  </testcase> <!-- validateFinalPage -->
  <system-out>
    <![CDATA[Browser Launched
Click on gender to continue
Click on husband
Click on next button on health plan page
Select the member2
Select the member1
Click on next button on member details page
Get data from excel
Entering pincode
Get data from excel
Enter mobile number
Click on continue button on address page
TC passed
Closing browser]]>
  </system-out>
</testsuite> <!-- com.Coverfox_TestNG.FinalPage_TestNG -->
